[35m[Appium][39m Welcome to Appium v1.22.3
[35m[Appium][39m Non-default server args:
[35m[Appium][39m   port: 65513
[35m[Appium][39m   loglevel: info
[35m[Appium][39m   tmpDir: C:\Users\095046\AppData\Local\Temp\\Katalon\Appium\Temp1657680341808
[35m[Appium][39m   chromedriverPort: 65514
[35m[Appium][39m Deprecated server args:
[35m[Appium][39m   [31m--chromedriver-port[39m => --default-capabilities
[35m[Appium][39m Default capabilities, which will be added to each request unless overridden by desired capabilities:
[35m[Appium][39m   chromedriverPort: 65514
[35m[Appium][39m Appium REST http interface listener started on 0.0.0.0:65513
[35m[HTTP][39m [37m-->[39m [37mGET[39m [37m/wd/hub/status[39m
[35m[HTTP][39m [90m{}[39m
[35m[HTTP][39m [37m<-- GET /wd/hub/status [39m[32m200[39m [90m5 ms - 68[39m
[35m[HTTP][39m [90m[39m
[35m[HTTP][39m [37m-->[39m [37mGET[39m [37m/wd/hub/status[39m
[35m[HTTP][39m [90m{}[39m
[35m[HTTP][39m [37m<-- GET /wd/hub/status [39m[32m200[39m [90m2 ms - 68[39m
[35m[HTTP][39m [90m[39m
[35m[HTTP][39m [37m-->[39m [37mPOST[39m [37m/wd/hub/session[39m
[35m[HTTP][39m [90m{"desiredCapabilities":{"appActivity":".Settings","appPackage":"com.android.settings","newCommandTimeout":1800,"platformVersion":"7.1.1","automationName":"uiautomator2","autoGrantPermissions":true,"platformName":"Android","udid":"192.168.229.103:5555","deviceName":" Google Nexus 5X_1 (Android 7.1.1)","platform":"ANDROID","systemPort":8269},"capabilities":{"firstMatch":[{"appium:appActivity":".Settings","appium:appPackage":"com.android.settings","appium:autoGrantPermissions":true,"appium:automationName":"uiautomator2","appium:deviceName":" Google Nexus 5X_1 (Android 7.1.1)","appium:newCommandTimeout":1800,"platform":"ANDROID","platformName":"android","appium:platformVersion":"7.1.1","appium:systemPort":8269,"appium:udid":"192.168.229.103:5555"}]}}[39m
[35m[BaseDriver][39m The following capabilities are not standard capabilities and should have an extension prefix:
[35m[BaseDriver][39m   platform
[35m[BaseDriver][39m   chromedriverPort
[35m[Appium][39m Appium v1.22.3 creating new AndroidUiautomator2Driver (v1.70.1) session
[35m[BaseDriver][39m The following capabilities were provided, but are not recognized by Appium:
[35m[BaseDriver][39m   platform
[35m[BaseDriver][39m Session created with session id: 726ed0cc-a0eb-410e-9c65-ec8400469cde
[35m[UiAutomator2][39m Starting 'com.android.settings' directly on the device
[35m[ADB][39m Found 1 'build-tools' folders under 'C:\Users\095046\.katalon\tools\android_sdk' (newest first):
[35m[ADB][39m     C:/Users/095046/.katalon/tools/android_sdk/build-tools/29.0.3
[35m[ADB][39m Using 'adb.exe' from 'C:\Users\095046\.katalon\tools\android_sdk\platform-tools\adb.exe'
[35m[AndroidDriver][39m Retrieving device list
[35m[AndroidDriver][39m Using device: 192.168.229.103:5555
[35m[ADB][39m Using 'adb.exe' from 'C:\Users\095046\.katalon\tools\android_sdk\platform-tools\adb.exe'
[35m[AndroidDriver][39m No app sent in, not parsing package/activity
[35m[ADB][39m Using 'apksigner.jar' from 'C:\Users\095046\.katalon\tools\android_sdk\build-tools\29.0.3\lib\apksigner.jar'
[35m[ADB][39m 'C:\Users\095046\AppData\Roaming\npm\node_modules\appium\node_modules\appium-uiautomator2-server\apks\appium-uiautomator2-server-v4.27.0.apk' is signed with the default certificate
[35m[ADB][39m 'C:\Users\095046\AppData\Roaming\npm\node_modules\appium\node_modules\appium-uiautomator2-server\apks\appium-uiautomator2-server-debug-androidTest.apk' is signed with the default certificate
[35m[UiAutomator2][39m Server packages are not going to be (re)installed
[35m[ADB][39m Adding packages ["io.appium.settings","io.appium.uiautomator2.server","io.appium.uiautomator2.server.test"] to Doze whitelist
[35m[UiAutomator2][39m Starting UIAutomator2 server 4.27.0
[35m[UiAutomator2][39m Using UIAutomator2 server from 'C:\Users\095046\AppData\Roaming\npm\node_modules\appium\node_modules\appium-uiautomator2-server\apks\appium-uiautomator2-server-v4.27.0.apk' and test from 'C:\Users\095046\AppData\Roaming\npm\node_modules\appium\node_modules\appium-uiautomator2-server\apks\appium-uiautomator2-server-debug-androidTest.apk'
[35m[UiAutomator2][39m Waiting up to 30000ms for UiAutomator2 to be online...
[35m[WD Proxy][39m socket hang up
[35m[WD Proxy][39m socket hang up
[35m[WD Proxy][39m Determined the downstream protocol as 'W3C'
[35m[AndroidDriver][39m Screen already unlocked, doing nothing
[35m[UiAutomator2][39m Starting 'com.android.settings/.Settings and waiting for 'com.android.settings/.Settings'
[35m[Appium][39m New AndroidUiautomator2Driver session created successfully, session 726ed0cc-a0eb-410e-9c65-ec8400469cde added to master session list
[35m[HTTP][39m [37m<-- POST /wd/hub/session [39m[32m200[39m [90m13431 ms - 1214[39m
[35m[HTTP][39m [90m[39m
[35m[HTTP][39m [37m-->[39m [37mGET[39m [37m/wd/hub/session/726ed0cc-a0eb-410e-9c65-ec8400469cde[39m
[35m[HTTP][39m [90m{}[39m
[35m[HTTP][39m [37m<-- GET /wd/hub/session/726ed0cc-a0eb-410e-9c65-ec8400469cde [39m[32m200[39m [90m19 ms - 1168[39m
[35m[HTTP][39m [90m[39m
[35m[HTTP][39m [37m-->[39m [37mGET[39m [37m/wd/hub/session/726ed0cc-a0eb-410e-9c65-ec8400469cde[39m
[35m[HTTP][39m [90m{}[39m
[35m[HTTP][39m [37m<-- GET /wd/hub/session/726ed0cc-a0eb-410e-9c65-ec8400469cde [39m[32m200[39m [90m16 ms - 1168[39m
[35m[HTTP][39m [90m[39m
[35m[HTTP][39m [37m-->[39m [37mGET[39m [37m/wd/hub/status[39m
[35m[HTTP][39m [90m{}[39m
[35m[HTTP][39m [37m<-- GET /wd/hub/status [39m[32m200[39m [90m1 ms - 68[39m
[35m[HTTP][39m [90m[39m
[35m[HTTP][39m [37m-->[39m [37mPOST[39m [37m/wd/hub/session/726ed0cc-a0eb-410e-9c65-ec8400469cde/timeouts[39m
[35m[HTTP][39m [90m{"implicit":60000}[39m
[35m[HTTP][39m [37m<-- POST /wd/hub/session/726ed0cc-a0eb-410e-9c65-ec8400469cde/timeouts [39m[32m200[39m [90m5 ms - 14[39m
[35m[HTTP][39m [90m[39m
[35m[HTTP][39m [37m-->[39m [37mGET[39m [37m/wd/hub/session/726ed0cc-a0eb-410e-9c65-ec8400469cde/screenshot[39m
[35m[HTTP][39m [90m{}[39m
[35m[HTTP][39m [37m<-- GET /wd/hub/session/726ed0cc-a0eb-410e-9c65-ec8400469cde/screenshot [39m[32m200[39m [90m508 ms - 153998[39m
[35m[HTTP][39m [90m[39m
[35m[HTTP][39m [37m-->[39m [37mGET[39m [37m/wd/hub/session/726ed0cc-a0eb-410e-9c65-ec8400469cde/window/rect[39m
[35m[HTTP][39m [90m{}[39m
[35m[HTTP][39m [37m<-- GET /wd/hub/session/726ed0cc-a0eb-410e-9c65-ec8400469cde/window/rect [39m[32m200[39m [90m19 ms - 50[39m
[35m[HTTP][39m [90m[39m
[35m[HTTP][39m [37m-->[39m [37mGET[39m [37m/wd/hub/session/726ed0cc-a0eb-410e-9c65-ec8400469cde/appium/device/system_bars[39m
[35m[HTTP][39m [90m{}[39m
[35m[HTTP][39m [37m<-- GET /wd/hub/session/726ed0cc-a0eb-410e-9c65-ec8400469cde/appium/device/system_bars [39m[32m200[39m [90m83 ms - 151[39m
[35m[HTTP][39m [90m[39m
[35m[HTTP][39m [37m-->[39m [37mPOST[39m [37m/wd/hub/session/726ed0cc-a0eb-410e-9c65-ec8400469cde/appium/device/activate_app[39m
[35m[HTTP][39m [90m{"bundleId":"com.example.mikebanks.bankscorpfinancial"}[39m
[35m[HTTP][39m [37m<-- POST /wd/hub/session/726ed0cc-a0eb-410e-9c65-ec8400469cde/appium/device/activate_app [39m[32m200[39m [90m849 ms - 14[39m
[35m[HTTP][39m [90m[39m
[35m[HTTP][39m [37m-->[39m [37mGET[39m [37m/wd/hub/session/726ed0cc-a0eb-410e-9c65-ec8400469cde/source[39m
[35m[HTTP][39m [90m{}[39m
[35m[W3C (726ed0cc)][39m Driver proxy active, passing request on via HTTP proxy
[35m[WD Proxy][39m Replacing sessionId 6004151a-be4e-4ca7-85dc-47a1d9152ba2 with 726ed0cc-a0eb-410e-9c65-ec8400469cde
[35m[HTTP][39m [37m<-- GET /wd/hub/session/726ed0cc-a0eb-410e-9c65-ec8400469cde/source [39m[32m200[39m [90m928 ms - 621[39m
[35m[HTTP][39m [90m[39m
[35m[HTTP][39m [37m-->[39m [37mGET[39m [37m/wd/hub/session/726ed0cc-a0eb-410e-9c65-ec8400469cde/screenshot[39m
[35m[HTTP][39m [90m{}[39m
[35m[HTTP][39m [37m<-- GET /wd/hub/session/726ed0cc-a0eb-410e-9c65-ec8400469cde/screenshot [39m[32m200[39m [90m562 ms - 94008[39m
[35m[HTTP][39m [90m[39m
[35m[HTTP][39m [37m-->[39m [37mPOST[39m [37m/wd/hub/session/726ed0cc-a0eb-410e-9c65-ec8400469cde/elements[39m
[35m[HTTP][39m [90m{"using":"xpath","value":"//*[@class = 'android.widget.FrameLayout' and (@text = '' or . = '')]"}[39m
[35m[HTTP][39m [37m<-- POST /wd/hub/session/726ed0cc-a0eb-410e-9c65-ec8400469cde/elements [39m[32m200[39m [90m294 ms - 523[39m
[35m[HTTP][39m [90m[39m
[35m[HTTP][39m [37m-->[39m [37mPOST[39m [37m/wd/hub/session/726ed0cc-a0eb-410e-9c65-ec8400469cde/elements[39m
[35m[HTTP][39m [90m{"using":"-android uiautomator","value":"new UiSelector().className(\"android.widget.FrameLayout\")"}[39m
[35m[HTTP][39m [37m<-- POST /wd/hub/session/726ed0cc-a0eb-410e-9c65-ec8400469cde/elements [39m[32m200[39m [90m86 ms - 523[39m
[35m[HTTP][39m [90m[39m
[35m[HTTP][39m [37m-->[39m [37mGET[39m [37m/wd/hub/session/726ed0cc-a0eb-410e-9c65-ec8400469cde/window/rect[39m
[35m[HTTP][39m [90m{}[39m
[35m[HTTP][39m [37m<-- GET /wd/hub/session/726ed0cc-a0eb-410e-9c65-ec8400469cde/window/rect [39m[32m200[39m [90m28 ms - 50[39m
[35m[HTTP][39m [90m[39m
[35m[HTTP][39m [37m-->[39m [37mPOST[39m [37m/wd/hub/session/726ed0cc-a0eb-410e-9c65-ec8400469cde/elements[39m
[35m[HTTP][39m [90m{"using":"xpath","value":"//hierarchy/android.widget.FrameLayout[1]"}[39m
[35m[HTTP][39m [37m<-- POST /wd/hub/session/726ed0cc-a0eb-410e-9c65-ec8400469cde/elements [39m[32m200[39m [90m69 ms - 139[39m
[35m[HTTP][39m [90m[39m
[35m[HTTP][39m [37m-->[39m [37mGET[39m [37m/wd/hub/session/726ed0cc-a0eb-410e-9c65-ec8400469cde/element/00000000-0000-0075-7fff-ffff00000000/location[39m
[35m[HTTP][39m [90m{}[39m
[35m[W3C (726ed0cc)][39m Driver proxy active, passing request on via HTTP proxy
[35m[WD Proxy][39m Replacing sessionId 6004151a-be4e-4ca7-85dc-47a1d9152ba2 with 726ed0cc-a0eb-410e-9c65-ec8400469cde
[35m[HTTP][39m [37m<-- GET /wd/hub/session/726ed0cc-a0eb-410e-9c65-ec8400469cde/element/00000000-0000-0075-7fff-ffff00000000/location [39m[32m200[39m [90m23 ms - 74[39m
[35m[HTTP][39m [90m[39m
[35m[HTTP][39m [37m-->[39m [37mPOST[39m [37m/wd/hub/session/726ed0cc-a0eb-410e-9c65-ec8400469cde/element/00000000-0000-0075-7fff-ffff00000000/click[39m
[35m[HTTP][39m [90m{"id":"00000000-0000-0075-7fff-ffff00000000"}[39m
[35m[HTTP][39m [37m<-- POST /wd/hub/session/726ed0cc-a0eb-410e-9c65-ec8400469cde/element/00000000-0000-0075-7fff-ffff00000000/click [39m[32m200[39m [90m25 ms - 14[39m
[35m[HTTP][39m [90m[39m
[35m[HTTP][39m [37m-->[39m [37mGET[39m [37m/wd/hub/session/726ed0cc-a0eb-410e-9c65-ec8400469cde/source[39m
[35m[HTTP][39m [90m{}[39m
[35m[W3C (726ed0cc)][39m Driver proxy active, passing request on via HTTP proxy
[35m[WD Proxy][39m Replacing sessionId 6004151a-be4e-4ca7-85dc-47a1d9152ba2 with 726ed0cc-a0eb-410e-9c65-ec8400469cde
[35m[HTTP][39m [37m<-- GET /wd/hub/session/726ed0cc-a0eb-410e-9c65-ec8400469cde/source [39m[32m200[39m [90m128 ms - 11542[39m
[35m[HTTP][39m [90m[39m
[35m[HTTP][39m [37m-->[39m [37mGET[39m [37m/wd/hub/session/726ed0cc-a0eb-410e-9c65-ec8400469cde/screenshot[39m
[35m[HTTP][39m [90m{}[39m
[35m[HTTP][39m [37m<-- GET /wd/hub/session/726ed0cc-a0eb-410e-9c65-ec8400469cde/screenshot [39m[32m200[39m [90m570 ms - 79820[39m
[35m[HTTP][39m [90m[39m
[35m[HTTP][39m [37m-->[39m [37mGET[39m [37m/wd/hub/session/726ed0cc-a0eb-410e-9c65-ec8400469cde/context[39m
[35m[HTTP][39m [90m{}[39m
[35m[HTTP][39m [37m<-- GET /wd/hub/session/726ed0cc-a0eb-410e-9c65-ec8400469cde/context [39m[32m200[39m [90m2 ms - 22[39m
[35m[HTTP][39m [90m[39m
[35m[HTTP][39m [37m-->[39m [37mGET[39m [37m/wd/hub/session/726ed0cc-a0eb-410e-9c65-ec8400469cde/contexts[39m
[35m[HTTP][39m [90m{}[39m
[35m[HTTP][39m [37m<-- GET /wd/hub/session/726ed0cc-a0eb-410e-9c65-ec8400469cde/contexts [39m[32m200[39m [90m105 ms - 24[39m
[35m[HTTP][39m [90m[39m
[35m[HTTP][39m [37m-->[39m [37mPOST[39m [37m/wd/hub/session/726ed0cc-a0eb-410e-9c65-ec8400469cde/context[39m
[35m[HTTP][39m [90m{"name":"NATIVE_APP"}[39m
[35m[HTTP][39m [37m<-- POST /wd/hub/session/726ed0cc-a0eb-410e-9c65-ec8400469cde/context [39m[32m200[39m [90m2 ms - 14[39m
[35m[HTTP][39m [90m[39m
[35m[HTTP][39m [37m-->[39m [37mPOST[39m [37m/wd/hub/session/726ed0cc-a0eb-410e-9c65-ec8400469cde/appium/device/press_keycode[39m
[35m[HTTP][39m [90m{"keycode":4}[39m
[35m[HTTP][39m [37m<-- POST /wd/hub/session/726ed0cc-a0eb-410e-9c65-ec8400469cde/appium/device/press_keycode [39m[32m200[39m [90m42 ms - 14[39m
[35m[HTTP][39m [90m[39m
[35m[HTTP][39m [37m-->[39m [37mPOST[39m [37m/wd/hub/session/726ed0cc-a0eb-410e-9c65-ec8400469cde/context[39m
[35m[HTTP][39m [90m{"name":"NATIVE_APP"}[39m
[35m[HTTP][39m [37m<-- POST /wd/hub/session/726ed0cc-a0eb-410e-9c65-ec8400469cde/context [39m[32m200[39m [90m3 ms - 14[39m
[35m[HTTP][39m [90m[39m
[35m[HTTP][39m [37m-->[39m [37mGET[39m [37m/wd/hub/session/726ed0cc-a0eb-410e-9c65-ec8400469cde/source[39m
[35m[HTTP][39m [90m{}[39m
[35m[W3C (726ed0cc)][39m Driver proxy active, passing request on via HTTP proxy
[35m[WD Proxy][39m Replacing sessionId 6004151a-be4e-4ca7-85dc-47a1d9152ba2 with 726ed0cc-a0eb-410e-9c65-ec8400469cde
[35m[HTTP][39m [37m<-- GET /wd/hub/session/726ed0cc-a0eb-410e-9c65-ec8400469cde/source [39m[32m200[39m [90m167 ms - 10785[39m
[35m[HTTP][39m [90m[39m
[35m[HTTP][39m [37m-->[39m [37mGET[39m [37m/wd/hub/session/726ed0cc-a0eb-410e-9c65-ec8400469cde/screenshot[39m
[35m[HTTP][39m [90m{}[39m
[35m[HTTP][39m [37m<-- GET /wd/hub/session/726ed0cc-a0eb-410e-9c65-ec8400469cde/screenshot [39m[32m200[39m [90m628 ms - 115798[39m
[35m[HTTP][39m [90m[39m
[35m[HTTP][39m [37m-->[39m [37mPOST[39m [37m/wd/hub/session/726ed0cc-a0eb-410e-9c65-ec8400469cde/elements[39m
[35m[HTTP][39m [90m{"using":"xpath","value":"//*[@class = 'android.widget.EditText' and (@text = 'Username' or . = 'Username') and @resource-id = 'com.example.mikebanks.bankscorpfinancial:id/edt_username']"}[39m
[35m[HTTP][39m [37m<-- POST /wd/hub/session/726ed0cc-a0eb-410e-9c65-ec8400469cde/elements [39m[32m200[39m [90m102 ms - 139[39m
[35m[HTTP][39m [90m[39m
[35m[HTTP][39m [37m-->[39m [37mGET[39m [37m/wd/hub/session/726ed0cc-a0eb-410e-9c65-ec8400469cde/window/rect[39m
[35m[HTTP][39m [90m{}[39m
[35m[HTTP][39m [37m<-- GET /wd/hub/session/726ed0cc-a0eb-410e-9c65-ec8400469cde/window/rect [39m[32m200[39m [90m24 ms - 50[39m
[35m[HTTP][39m [90m[39m
[35m[HTTP][39m [37m-->[39m [37mPOST[39m [37m/wd/hub/session/726ed0cc-a0eb-410e-9c65-ec8400469cde/elements[39m
[35m[HTTP][39m [90m{"using":"xpath","value":"//*[@class = 'android.widget.EditText' and (@text = 'Username' or . = 'Username') and @resource-id = 'com.example.mikebanks.bankscorpfinancial:id/edt_username']"}[39m
[35m[HTTP][39m [37m<-- POST /wd/hub/session/726ed0cc-a0eb-410e-9c65-ec8400469cde/elements [39m[32m200[39m [90m105 ms - 139[39m
[35m[HTTP][39m [90m[39m
[35m[HTTP][39m [37m-->[39m [37mGET[39m [37m/wd/hub/session/726ed0cc-a0eb-410e-9c65-ec8400469cde/element/00000000-0000-0075-7fff-ffff00000023/location[39m
[35m[HTTP][39m [90m{}[39m
[35m[W3C (726ed0cc)][39m Driver proxy active, passing request on via HTTP proxy
[35m[WD Proxy][39m Replacing sessionId 6004151a-be4e-4ca7-85dc-47a1d9152ba2 with 726ed0cc-a0eb-410e-9c65-ec8400469cde
[35m[HTTP][39m [37m<-- GET /wd/hub/session/726ed0cc-a0eb-410e-9c65-ec8400469cde/element/00000000-0000-0075-7fff-ffff00000023/location [39m[32m200[39m [90m20 ms - 78[39m
[35m[HTTP][39m [90m[39m
[35m[HTTP][39m [37m-->[39m [37mPOST[39m [37m/wd/hub/session/726ed0cc-a0eb-410e-9c65-ec8400469cde/element/00000000-0000-0075-7fff-ffff00000023/clear[39m
[35m[HTTP][39m [90m{"id":"00000000-0000-0075-7fff-ffff00000023"}[39m
[35m[HTTP][39m [37m<-- POST /wd/hub/session/726ed0cc-a0eb-410e-9c65-ec8400469cde/element/00000000-0000-0075-7fff-ffff00000023/clear [39m[32m200[39m [90m24 ms - 14[39m
[35m[HTTP][39m [90m[39m
[35m[HTTP][39m [37m-->[39m [37mPOST[39m [37m/wd/hub/session/726ed0cc-a0eb-410e-9c65-ec8400469cde/element/00000000-0000-0075-7fff-ffff00000023/value[39m
[35m[HTTP][39m [90m{"id":"00000000-0000-0075-7fff-ffff00000023","text":"qath","value":["q","a","t","h"]}[39m
[35m[HTTP][39m [37m<-- POST /wd/hub/session/726ed0cc-a0eb-410e-9c65-ec8400469cde/element/00000000-0000-0075-7fff-ffff00000023/value [39m[32m200[39m [90m1012 ms - 14[39m
[35m[HTTP][39m [90m[39m
[35m[HTTP][39m [37m-->[39m [37mGET[39m [37m/wd/hub/session/726ed0cc-a0eb-410e-9c65-ec8400469cde/source[39m
[35m[HTTP][39m [90m{}[39m
[35m[W3C (726ed0cc)][39m Driver proxy active, passing request on via HTTP proxy
[35m[WD Proxy][39m Replacing sessionId 6004151a-be4e-4ca7-85dc-47a1d9152ba2 with 726ed0cc-a0eb-410e-9c65-ec8400469cde
[35m[HTTP][39m [37m<-- GET /wd/hub/session/726ed0cc-a0eb-410e-9c65-ec8400469cde/source [39m[32m200[39m [90m60 ms - 10620[39m
[35m[HTTP][39m [90m[39m
[35m[HTTP][39m [37m-->[39m [37mGET[39m [37m/wd/hub/session/726ed0cc-a0eb-410e-9c65-ec8400469cde/screenshot[39m
[35m[HTTP][39m [90m{}[39m
[35m[HTTP][39m [37m<-- GET /wd/hub/session/726ed0cc-a0eb-410e-9c65-ec8400469cde/screenshot [39m[32m200[39m [90m519 ms - 92176[39m
[35m[HTTP][39m [90m[39m
[35m[HTTP][39m [37m-->[39m [37mPOST[39m [37m/wd/hub/session/726ed0cc-a0eb-410e-9c65-ec8400469cde/elements[39m
[35m[HTTP][39m [90m{"using":"xpath","value":"//*[@class = 'android.widget.EditText' and (@text = 'Password' or . = 'Password') and @resource-id = 'com.example.mikebanks.bankscorpfinancial:id/edt_password']"}[39m
[35m[HTTP][39m [37m<-- POST /wd/hub/session/726ed0cc-a0eb-410e-9c65-ec8400469cde/elements [39m[32m200[39m [90m84 ms - 139[39m
[35m[HTTP][39m [90m[39m
[35m[HTTP][39m [37m-->[39m [37mGET[39m [37m/wd/hub/session/726ed0cc-a0eb-410e-9c65-ec8400469cde/window/rect[39m
[35m[HTTP][39m [90m{}[39m
[35m[HTTP][39m [37m<-- GET /wd/hub/session/726ed0cc-a0eb-410e-9c65-ec8400469cde/window/rect [39m[32m200[39m [90m12 ms - 50[39m
[35m[HTTP][39m [90m[39m
[35m[HTTP][39m [37m-->[39m [37mPOST[39m [37m/wd/hub/session/726ed0cc-a0eb-410e-9c65-ec8400469cde/elements[39m
[35m[HTTP][39m [90m{"using":"xpath","value":"//*[@class = 'android.widget.EditText' and (@text = 'Password' or . = 'Password') and @resource-id = 'com.example.mikebanks.bankscorpfinancial:id/edt_password']"}[39m
[35m[HTTP][39m [37m<-- POST /wd/hub/session/726ed0cc-a0eb-410e-9c65-ec8400469cde/elements [39m[32m200[39m [90m89 ms - 139[39m
[35m[HTTP][39m [90m[39m
[35m[HTTP][39m [37m-->[39m [37mGET[39m [37m/wd/hub/session/726ed0cc-a0eb-410e-9c65-ec8400469cde/element/00000000-0000-0075-7fff-ffff00000024/location[39m
[35m[HTTP][39m [90m{}[39m
[35m[W3C (726ed0cc)][39m Driver proxy active, passing request on via HTTP proxy
[35m[WD Proxy][39m Replacing sessionId 6004151a-be4e-4ca7-85dc-47a1d9152ba2 with 726ed0cc-a0eb-410e-9c65-ec8400469cde
[35m[HTTP][39m [37m<-- GET /wd/hub/session/726ed0cc-a0eb-410e-9c65-ec8400469cde/element/00000000-0000-0075-7fff-ffff00000024/location [39m[32m200[39m [90m16 ms - 78[39m
[35m[HTTP][39m [90m[39m
[35m[HTTP][39m [37m-->[39m [37mPOST[39m [37m/wd/hub/session/726ed0cc-a0eb-410e-9c65-ec8400469cde/element/00000000-0000-0075-7fff-ffff00000024/clear[39m
[35m[HTTP][39m [90m{"id":"00000000-0000-0075-7fff-ffff00000024"}[39m
[35m[HTTP][39m [37m<-- POST /wd/hub/session/726ed0cc-a0eb-410e-9c65-ec8400469cde/element/00000000-0000-0075-7fff-ffff00000024/clear [39m[32m200[39m [90m20 ms - 14[39m
[35m[HTTP][39m [90m[39m
[35m[HTTP][39m [37m-->[39m [37mPOST[39m [37m/wd/hub/session/726ed0cc-a0eb-410e-9c65-ec8400469cde/element/00000000-0000-0075-7fff-ffff00000024/value[39m
[35m[HTTP][39m [90m{"id":"00000000-0000-0075-7fff-ffff00000024","text":"Abc12345","value":["A","b","c","1","2","3","4","5"]}[39m
[35m[HTTP][39m [37m<-- POST /wd/hub/session/726ed0cc-a0eb-410e-9c65-ec8400469cde/element/00000000-0000-0075-7fff-ffff00000024/value [39m[32m200[39m [90m1111 ms - 14[39m
[35m[HTTP][39m [90m[39m
[35m[HTTP][39m [37m-->[39m [37mGET[39m [37m/wd/hub/session/726ed0cc-a0eb-410e-9c65-ec8400469cde/source[39m
[35m[HTTP][39m [90m{}[39m
[35m[W3C (726ed0cc)][39m Driver proxy active, passing request on via HTTP proxy
[35m[WD Proxy][39m Replacing sessionId 6004151a-be4e-4ca7-85dc-47a1d9152ba2 with 726ed0cc-a0eb-410e-9c65-ec8400469cde
[35m[HTTP][39m [37m<-- GET /wd/hub/session/726ed0cc-a0eb-410e-9c65-ec8400469cde/source [39m[32m200[39m [90m55 ms - 10636[39m
[35m[HTTP][39m [90m[39m
[35m[HTTP][39m [37m-->[39m [37mGET[39m [37m/wd/hub/session/726ed0cc-a0eb-410e-9c65-ec8400469cde/screenshot[39m
[35m[HTTP][39m [90m{}[39m
[35m[HTTP][39m [37m<-- GET /wd/hub/session/726ed0cc-a0eb-410e-9c65-ec8400469cde/screenshot [39m[32m200[39m [90m562 ms - 85250[39m
[35m[HTTP][39m [90m[39m
[35m[HTTP][39m [37m-->[39m [37mPOST[39m [37m/wd/hub/session/726ed0cc-a0eb-410e-9c65-ec8400469cde/elements[39m
[35m[HTTP][39m [90m{"using":"xpath","value":"//*[@class = 'android.widget.Button' and (@text = 'LOGIN' or . = 'LOGIN') and @resource-id = 'com.example.mikebanks.bankscorpfinancial:id/btn_login']"}[39m
[35m[HTTP][39m [37m<-- POST /wd/hub/session/726ed0cc-a0eb-410e-9c65-ec8400469cde/elements [39m[32m200[39m [90m78 ms - 139[39m
[35m[HTTP][39m [90m[39m
[35m[HTTP][39m [37m-->[39m [37mGET[39m [37m/wd/hub/session/726ed0cc-a0eb-410e-9c65-ec8400469cde/window/rect[39m
[35m[HTTP][39m [90m{}[39m
[35m[HTTP][39m [37m<-- GET /wd/hub/session/726ed0cc-a0eb-410e-9c65-ec8400469cde/window/rect [39m[32m200[39m [90m12 ms - 50[39m
[35m[HTTP][39m [90m[39m
[35m[HTTP][39m [37m-->[39m [37mPOST[39m [37m/wd/hub/session/726ed0cc-a0eb-410e-9c65-ec8400469cde/elements[39m
[35m[HTTP][39m [90m{"using":"xpath","value":"//*[@class = 'android.widget.Button' and (@text = 'LOGIN' or . = 'LOGIN') and @resource-id = 'com.example.mikebanks.bankscorpfinancial:id/btn_login']"}[39m
[35m[HTTP][39m [37m<-- POST /wd/hub/session/726ed0cc-a0eb-410e-9c65-ec8400469cde/elements [39m[32m200[39m [90m72 ms - 139[39m
[35m[HTTP][39m [90m[39m
[35m[HTTP][39m [37m-->[39m [37mGET[39m [37m/wd/hub/session/726ed0cc-a0eb-410e-9c65-ec8400469cde/element/00000000-0000-0075-7fff-ffff00000028/location[39m
[35m[HTTP][39m [90m{}[39m
[35m[W3C (726ed0cc)][39m Driver proxy active, passing request on via HTTP proxy
[35m[WD Proxy][39m Replacing sessionId 6004151a-be4e-4ca7-85dc-47a1d9152ba2 with 726ed0cc-a0eb-410e-9c65-ec8400469cde
[35m[HTTP][39m [37m<-- GET /wd/hub/session/726ed0cc-a0eb-410e-9c65-ec8400469cde/element/00000000-0000-0075-7fff-ffff00000028/location [39m[32m200[39m [90m18 ms - 78[39m
[35m[HTTP][39m [90m[39m
[35m[HTTP][39m [37m-->[39m [37mPOST[39m [37m/wd/hub/session/726ed0cc-a0eb-410e-9c65-ec8400469cde/element/00000000-0000-0075-7fff-ffff00000028/click[39m
[35m[HTTP][39m [90m{"id":"00000000-0000-0075-7fff-ffff00000028"}[39m
[35m[HTTP][39m [37m<-- POST /wd/hub/session/726ed0cc-a0eb-410e-9c65-ec8400469cde/element/00000000-0000-0075-7fff-ffff00000028/click [39m[32m200[39m [90m22 ms - 14[39m
[35m[HTTP][39m [90m[39m
[35m[HTTP][39m [37m-->[39m [37mGET[39m [37m/wd/hub/session/726ed0cc-a0eb-410e-9c65-ec8400469cde/source[39m
[35m[HTTP][39m [90m{}[39m
[35m[W3C (726ed0cc)][39m Driver proxy active, passing request on via HTTP proxy
[35m[WD Proxy][39m Replacing sessionId 6004151a-be4e-4ca7-85dc-47a1d9152ba2 with 726ed0cc-a0eb-410e-9c65-ec8400469cde
[35m[HTTP][39m [37m<-- GET /wd/hub/session/726ed0cc-a0eb-410e-9c65-ec8400469cde/source [39m[32m200[39m [90m278 ms - 4986[39m
[35m[HTTP][39m [90m[39m
[35m[HTTP][39m [37m-->[39m [37mGET[39m [37m/wd/hub/session/726ed0cc-a0eb-410e-9c65-ec8400469cde/screenshot[39m
[35m[HTTP][39m [90m{}[39m
[35m[HTTP][39m [37m<-- GET /wd/hub/session/726ed0cc-a0eb-410e-9c65-ec8400469cde/screenshot [39m[32m200[39m [90m692 ms - 109874[39m
[35m[HTTP][39m [90m[39m
[35m[HTTP][39m [37m-->[39m [37mPOST[39m [37m/wd/hub/session/726ed0cc-a0eb-410e-9c65-ec8400469cde/elements[39m
[35m[HTTP][39m [90m{"using":"xpath","value":"//*[@class = 'android.widget.Button' and (@text = 'Open app again' or . = 'Open app again') and @resource-id = 'android:id/aerr_restart']"}[39m
[35m[HTTP][39m [37m<-- POST /wd/hub/session/726ed0cc-a0eb-410e-9c65-ec8400469cde/elements [39m[32m200[39m [90m51 ms - 139[39m
[35m[HTTP][39m [90m[39m
[35m[HTTP][39m [37m-->[39m [37mGET[39m [37m/wd/hub/session/726ed0cc-a0eb-410e-9c65-ec8400469cde/window/rect[39m
[35m[HTTP][39m [90m{}[39m
[35m[HTTP][39m [37m<-- GET /wd/hub/session/726ed0cc-a0eb-410e-9c65-ec8400469cde/window/rect [39m[32m200[39m [90m14 ms - 50[39m
[35m[HTTP][39m [90m[39m
[35m[HTTP][39m [37m-->[39m [37mPOST[39m [37m/wd/hub/session/726ed0cc-a0eb-410e-9c65-ec8400469cde/elements[39m
[35m[HTTP][39m [90m{"using":"xpath","value":"//*[@class = 'android.widget.Button' and (@text = 'Open app again' or . = 'Open app again') and @resource-id = 'android:id/aerr_restart']"}[39m
[35m[HTTP][39m [37m<-- POST /wd/hub/session/726ed0cc-a0eb-410e-9c65-ec8400469cde/elements [39m[32m200[39m [90m57 ms - 139[39m
[35m[HTTP][39m [90m[39m
[35m[HTTP][39m [37m-->[39m [37mGET[39m [37m/wd/hub/session/726ed0cc-a0eb-410e-9c65-ec8400469cde/element/00000000-0000-0077-7fff-ffff000000a8/location[39m
[35m[HTTP][39m [90m{}[39m
[35m[W3C (726ed0cc)][39m Driver proxy active, passing request on via HTTP proxy
[35m[WD Proxy][39m Replacing sessionId 6004151a-be4e-4ca7-85dc-47a1d9152ba2 with 726ed0cc-a0eb-410e-9c65-ec8400469cde
[35m[HTTP][39m [37m<-- GET /wd/hub/session/726ed0cc-a0eb-410e-9c65-ec8400469cde/element/00000000-0000-0077-7fff-ffff000000a8/location [39m[32m200[39m [90m20 ms - 77[39m
[35m[HTTP][39m [90m[39m
[35m[HTTP][39m [37m-->[39m [37mPOST[39m [37m/wd/hub/session/726ed0cc-a0eb-410e-9c65-ec8400469cde/element/00000000-0000-0077-7fff-ffff000000a8/click[39m
[35m[HTTP][39m [90m{"id":"00000000-0000-0077-7fff-ffff000000a8"}[39m
[35m[HTTP][39m [37m<-- POST /wd/hub/session/726ed0cc-a0eb-410e-9c65-ec8400469cde/element/00000000-0000-0077-7fff-ffff000000a8/click [39m[32m200[39m [90m21 ms - 14[39m
[35m[HTTP][39m [90m[39m
[35m[HTTP][39m [37m-->[39m [37mGET[39m [37m/wd/hub/session/726ed0cc-a0eb-410e-9c65-ec8400469cde/source[39m
[35m[HTTP][39m [90m{}[39m
[35m[W3C (726ed0cc)][39m Driver proxy active, passing request on via HTTP proxy
[35m[WD Proxy][39m Replacing sessionId 6004151a-be4e-4ca7-85dc-47a1d9152ba2 with 726ed0cc-a0eb-410e-9c65-ec8400469cde
[35m[HTTP][39m [37m<-- GET /wd/hub/session/726ed0cc-a0eb-410e-9c65-ec8400469cde/source [39m[32m200[39m [90m1221 ms - 10623[39m
[35m[HTTP][39m [90m[39m
[35m[HTTP][39m [37m-->[39m [37mGET[39m [37m/wd/hub/session/726ed0cc-a0eb-410e-9c65-ec8400469cde/screenshot[39m
[35m[HTTP][39m [90m{}[39m
[35m[HTTP][39m [37m<-- GET /wd/hub/session/726ed0cc-a0eb-410e-9c65-ec8400469cde/screenshot [39m[32m200[39m [90m491 ms - 94328[39m
[35m[HTTP][39m [90m[39m
[35m[HTTP][39m [37m-->[39m [37mPOST[39m [37m/wd/hub/session/726ed0cc-a0eb-410e-9c65-ec8400469cde/elements[39m
[35m[HTTP][39m [90m{"using":"xpath","value":"//*[@class = 'android.widget.EditText' and (@text = 'Username' or . = 'Username') and @resource-id = 'com.example.mikebanks.bankscorpfinancial:id/edt_username']"}[39m
[35m[HTTP][39m [37m<-- POST /wd/hub/session/726ed0cc-a0eb-410e-9c65-ec8400469cde/elements [39m[32m200[39m [90m74 ms - 139[39m
[35m[HTTP][39m [90m[39m
[35m[HTTP][39m [37m-->[39m [37mGET[39m [37m/wd/hub/session/726ed0cc-a0eb-410e-9c65-ec8400469cde/window/rect[39m
[35m[HTTP][39m [90m{}[39m
[35m[HTTP][39m [37m<-- GET /wd/hub/session/726ed0cc-a0eb-410e-9c65-ec8400469cde/window/rect [39m[32m200[39m [90m13 ms - 50[39m
[35m[HTTP][39m [90m[39m
[35m[HTTP][39m [37m-->[39m [37mPOST[39m [37m/wd/hub/session/726ed0cc-a0eb-410e-9c65-ec8400469cde/elements[39m
[35m[HTTP][39m [90m{"using":"xpath","value":"//*[@class = 'android.widget.EditText' and (@text = 'Username' or . = 'Username') and @resource-id = 'com.example.mikebanks.bankscorpfinancial:id/edt_username']"}[39m
[35m[HTTP][39m [37m<-- POST /wd/hub/session/726ed0cc-a0eb-410e-9c65-ec8400469cde/elements [39m[32m200[39m [90m76 ms - 139[39m
[35m[HTTP][39m [90m[39m
[35m[HTTP][39m [37m-->[39m [37mGET[39m [37m/wd/hub/session/726ed0cc-a0eb-410e-9c65-ec8400469cde/element/00000000-0000-0079-7fff-ffff00000006/location[39m
[35m[HTTP][39m [90m{}[39m
[35m[W3C (726ed0cc)][39m Driver proxy active, passing request on via HTTP proxy
[35m[WD Proxy][39m Replacing sessionId 6004151a-be4e-4ca7-85dc-47a1d9152ba2 with 726ed0cc-a0eb-410e-9c65-ec8400469cde
[35m[HTTP][39m [37m<-- GET /wd/hub/session/726ed0cc-a0eb-410e-9c65-ec8400469cde/element/00000000-0000-0079-7fff-ffff00000006/location [39m[32m200[39m [90m20 ms - 78[39m
[35m[HTTP][39m [90m[39m
[35m[HTTP][39m [37m-->[39m [37mPOST[39m [37m/wd/hub/session/726ed0cc-a0eb-410e-9c65-ec8400469cde/element/00000000-0000-0079-7fff-ffff00000006/clear[39m
[35m[HTTP][39m [90m{"id":"00000000-0000-0079-7fff-ffff00000006"}[39m
[35m[HTTP][39m [37m<-- POST /wd/hub/session/726ed0cc-a0eb-410e-9c65-ec8400469cde/element/00000000-0000-0079-7fff-ffff00000006/clear [39m[32m200[39m [90m23 ms - 14[39m
[35m[HTTP][39m [90m[39m
[35m[HTTP][39m [37m-->[39m [37mPOST[39m [37m/wd/hub/session/726ed0cc-a0eb-410e-9c65-ec8400469cde/element/00000000-0000-0079-7fff-ffff00000006/value[39m
[35m[HTTP][39m [90m{"id":"00000000-0000-0079-7fff-ffff00000006","text":"qath","value":["q","a","t","h"]}[39m
[35m[HTTP][39m [37m<-- POST /wd/hub/session/726ed0cc-a0eb-410e-9c65-ec8400469cde/element/00000000-0000-0079-7fff-ffff00000006/value [39m[32m200[39m [90m1061 ms - 14[39m
[35m[HTTP][39m [90m[39m
[35m[HTTP][39m [37m-->[39m [37mGET[39m [37m/wd/hub/session/726ed0cc-a0eb-410e-9c65-ec8400469cde/source[39m
[35m[HTTP][39m [90m{}[39m
[35m[W3C (726ed0cc)][39m Driver proxy active, passing request on via HTTP proxy
[35m[WD Proxy][39m Replacing sessionId 6004151a-be4e-4ca7-85dc-47a1d9152ba2 with 726ed0cc-a0eb-410e-9c65-ec8400469cde
[35m[HTTP][39m [37m<-- GET /wd/hub/session/726ed0cc-a0eb-410e-9c65-ec8400469cde/source [39m[32m200[39m [90m55 ms - 10619[39m
[35m[HTTP][39m [90m[39m
[35m[HTTP][39m [37m-->[39m [37mGET[39m [37m/wd/hub/session/726ed0cc-a0eb-410e-9c65-ec8400469cde/screenshot[39m
[35m[HTTP][39m [90m{}[39m
[35m[HTTP][39m [37m<-- GET /wd/hub/session/726ed0cc-a0eb-410e-9c65-ec8400469cde/screenshot [39m[32m200[39m [90m502 ms - 92164[39m
[35m[HTTP][39m [90m[39m
[35m[HTTP][39m [37m-->[39m [37mPOST[39m [37m/wd/hub/session/726ed0cc-a0eb-410e-9c65-ec8400469cde/elements[39m
[35m[HTTP][39m [90m{"using":"xpath","value":"//*[@class = 'android.widget.EditText' and (@text = 'Password' or . = 'Password') and @resource-id = 'com.example.mikebanks.bankscorpfinancial:id/edt_password']"}[39m
[35m[HTTP][39m [37m<-- POST /wd/hub/session/726ed0cc-a0eb-410e-9c65-ec8400469cde/elements [39m[32m200[39m [90m99 ms - 139[39m
[35m[HTTP][39m [90m[39m
[35m[HTTP][39m [37m-->[39m [37mGET[39m [37m/wd/hub/session/726ed0cc-a0eb-410e-9c65-ec8400469cde/window/rect[39m
[35m[HTTP][39m [90m{}[39m
[35m[HTTP][39m [37m<-- GET /wd/hub/session/726ed0cc-a0eb-410e-9c65-ec8400469cde/window/rect [39m[32m200[39m [90m12 ms - 50[39m
[35m[HTTP][39m [90m[39m
[35m[HTTP][39m [37m-->[39m [37mPOST[39m [37m/wd/hub/session/726ed0cc-a0eb-410e-9c65-ec8400469cde/elements[39m
[35m[HTTP][39m [90m{"using":"xpath","value":"//*[@class = 'android.widget.EditText' and (@text = 'Password' or . = 'Password') and @resource-id = 'com.example.mikebanks.bankscorpfinancial:id/edt_password']"}[39m
[35m[HTTP][39m [37m<-- POST /wd/hub/session/726ed0cc-a0eb-410e-9c65-ec8400469cde/elements [39m[32m200[39m [90m72 ms - 139[39m
[35m[HTTP][39m [90m[39m
[35m[HTTP][39m [37m-->[39m [37mGET[39m [37m/wd/hub/session/726ed0cc-a0eb-410e-9c65-ec8400469cde/element/00000000-0000-0079-7fff-ffff00000005/location[39m
[35m[HTTP][39m [90m{}[39m
[35m[W3C (726ed0cc)][39m Driver proxy active, passing request on via HTTP proxy
[35m[WD Proxy][39m Replacing sessionId 6004151a-be4e-4ca7-85dc-47a1d9152ba2 with 726ed0cc-a0eb-410e-9c65-ec8400469cde
[35m[HTTP][39m [37m<-- GET /wd/hub/session/726ed0cc-a0eb-410e-9c65-ec8400469cde/element/00000000-0000-0079-7fff-ffff00000005/location [39m[32m200[39m [90m27 ms - 78[39m
[35m[HTTP][39m [90m[39m
[35m[HTTP][39m [37m-->[39m [37mPOST[39m [37m/wd/hub/session/726ed0cc-a0eb-410e-9c65-ec8400469cde/element/00000000-0000-0079-7fff-ffff00000005/clear[39m
[35m[HTTP][39m [90m{"id":"00000000-0000-0079-7fff-ffff00000005"}[39m
[35m[HTTP][39m [37m<-- POST /wd/hub/session/726ed0cc-a0eb-410e-9c65-ec8400469cde/element/00000000-0000-0079-7fff-ffff00000005/clear [39m[32m200[39m [90m32 ms - 14[39m
[35m[HTTP][39m [90m[39m
[35m[HTTP][39m [37m-->[39m [37mPOST[39m [37m/wd/hub/session/726ed0cc-a0eb-410e-9c65-ec8400469cde/element/00000000-0000-0079-7fff-ffff00000005/value[39m
[35m[HTTP][39m [90m{"id":"00000000-0000-0079-7fff-ffff00000005","text":"Abc12345","value":["A","b","c","1","2","3","4","5"]}[39m
[35m[HTTP][39m [37m<-- POST /wd/hub/session/726ed0cc-a0eb-410e-9c65-ec8400469cde/element/00000000-0000-0079-7fff-ffff00000005/value [39m[32m200[39m [90m1019 ms - 14[39m
[35m[HTTP][39m [90m[39m
[35m[HTTP][39m [37m-->[39m [37mGET[39m [37m/wd/hub/session/726ed0cc-a0eb-410e-9c65-ec8400469cde/source[39m
[35m[HTTP][39m [90m{}[39m
[35m[W3C (726ed0cc)][39m Driver proxy active, passing request on via HTTP proxy
[35m[WD Proxy][39m Replacing sessionId 6004151a-be4e-4ca7-85dc-47a1d9152ba2 with 726ed0cc-a0eb-410e-9c65-ec8400469cde
[35m[HTTP][39m [37m<-- GET /wd/hub/session/726ed0cc-a0eb-410e-9c65-ec8400469cde/source [39m[32m200[39m [90m67 ms - 10635[39m
[35m[HTTP][39m [90m[39m
[35m[HTTP][39m [37m-->[39m [37mGET[39m [37m/wd/hub/session/726ed0cc-a0eb-410e-9c65-ec8400469cde/screenshot[39m
[35m[HTTP][39m [90m{}[39m
[35m[HTTP][39m [37m<-- GET /wd/hub/session/726ed0cc-a0eb-410e-9c65-ec8400469cde/screenshot [39m[32m200[39m [90m558 ms - 84798[39m
[35m[HTTP][39m [90m[39m
[35m[HTTP][39m [37m-->[39m [37mPOST[39m [37m/wd/hub/session/726ed0cc-a0eb-410e-9c65-ec8400469cde/elements[39m
[35m[HTTP][39m [90m{"using":"xpath","value":"//*[@class = 'android.widget.Button' and (@text = 'LOGIN' or . = 'LOGIN') and @resource-id = 'com.example.mikebanks.bankscorpfinancial:id/btn_login']"}[39m
[35m[HTTP][39m [37m<-- POST /wd/hub/session/726ed0cc-a0eb-410e-9c65-ec8400469cde/elements [39m[32m200[39m [90m75 ms - 139[39m
[35m[HTTP][39m [90m[39m
[35m[HTTP][39m [37m-->[39m [37mGET[39m [37m/wd/hub/session/726ed0cc-a0eb-410e-9c65-ec8400469cde/window/rect[39m
[35m[HTTP][39m [90m{}[39m
[35m[HTTP][39m [37m<-- GET /wd/hub/session/726ed0cc-a0eb-410e-9c65-ec8400469cde/window/rect [39m[32m200[39m [90m15 ms - 50[39m
[35m[HTTP][39m [90m[39m
[35m[HTTP][39m [37m-->[39m [37mPOST[39m [37m/wd/hub/session/726ed0cc-a0eb-410e-9c65-ec8400469cde/elements[39m
[35m[HTTP][39m [90m{"using":"xpath","value":"//*[@class = 'android.widget.Button' and (@text = 'LOGIN' or . = 'LOGIN') and @resource-id = 'com.example.mikebanks.bankscorpfinancial:id/btn_login']"}[39m
[35m[HTTP][39m [37m<-- POST /wd/hub/session/726ed0cc-a0eb-410e-9c65-ec8400469cde/elements [39m[32m200[39m [90m77 ms - 139[39m
[35m[HTTP][39m [90m[39m
[35m[HTTP][39m [37m-->[39m [37mGET[39m [37m/wd/hub/session/726ed0cc-a0eb-410e-9c65-ec8400469cde/element/00000000-0000-0079-7fff-ffff00000004/location[39m
[35m[HTTP][39m [90m{}[39m
[35m[W3C (726ed0cc)][39m Driver proxy active, passing request on via HTTP proxy
[35m[WD Proxy][39m Replacing sessionId 6004151a-be4e-4ca7-85dc-47a1d9152ba2 with 726ed0cc-a0eb-410e-9c65-ec8400469cde
[35m[HTTP][39m [37m<-- GET /wd/hub/session/726ed0cc-a0eb-410e-9c65-ec8400469cde/element/00000000-0000-0079-7fff-ffff00000004/location [39m[32m200[39m [90m18 ms - 78[39m
[35m[HTTP][39m [90m[39m
[35m[HTTP][39m [37m-->[39m [37mPOST[39m [37m/wd/hub/session/726ed0cc-a0eb-410e-9c65-ec8400469cde/element/00000000-0000-0079-7fff-ffff00000004/click[39m
[35m[HTTP][39m [90m{"id":"00000000-0000-0079-7fff-ffff00000004"}[39m
[35m[HTTP][39m [37m<-- POST /wd/hub/session/726ed0cc-a0eb-410e-9c65-ec8400469cde/element/00000000-0000-0079-7fff-ffff00000004/click [39m[32m200[39m [90m25 ms - 14[39m
[35m[HTTP][39m [90m[39m
[35m[HTTP][39m [37m-->[39m [37mGET[39m [37m/wd/hub/session/726ed0cc-a0eb-410e-9c65-ec8400469cde/source[39m
[35m[HTTP][39m [90m{}[39m
[35m[W3C (726ed0cc)][39m Driver proxy active, passing request on via HTTP proxy
[35m[WD Proxy][39m Replacing sessionId 6004151a-be4e-4ca7-85dc-47a1d9152ba2 with 726ed0cc-a0eb-410e-9c65-ec8400469cde
[35m[HTTP][39m [37m<-- GET /wd/hub/session/726ed0cc-a0eb-410e-9c65-ec8400469cde/source [39m[32m200[39m [90m303 ms - 4982[39m
[35m[HTTP][39m [90m[39m
[35m[HTTP][39m [37m-->[39m [37mGET[39m [37m/wd/hub/session/726ed0cc-a0eb-410e-9c65-ec8400469cde/screenshot[39m
[35m[HTTP][39m [90m{}[39m
[35m[HTTP][39m [37m<-- GET /wd/hub/session/726ed0cc-a0eb-410e-9c65-ec8400469cde/screenshot [39m[32m200[39m [90m670 ms - 105506[39m
[35m[HTTP][39m [90m[39m
[35m[HTTP][39m [37m-->[39m [37mPOST[39m [37m/wd/hub/session/726ed0cc-a0eb-410e-9c65-ec8400469cde/elements[39m
[35m[HTTP][39m [90m{"using":"xpath","value":"//*[@class = 'android.widget.Button' and (@text = 'Close app' or . = 'Close app') and @resource-id = 'android:id/aerr_close']"}[39m
[35m[HTTP][39m [37m<-- POST /wd/hub/session/726ed0cc-a0eb-410e-9c65-ec8400469cde/elements [39m[32m200[39m [90m59 ms - 139[39m
[35m[HTTP][39m [90m[39m
[35m[HTTP][39m [37m-->[39m [37mGET[39m [37m/wd/hub/session/726ed0cc-a0eb-410e-9c65-ec8400469cde/window/rect[39m
[35m[HTTP][39m [90m{}[39m
[35m[HTTP][39m [37m<-- GET /wd/hub/session/726ed0cc-a0eb-410e-9c65-ec8400469cde/window/rect [39m[32m200[39m [90m18 ms - 50[39m
[35m[HTTP][39m [90m[39m
[35m[HTTP][39m [37m-->[39m [37mPOST[39m [37m/wd/hub/session/726ed0cc-a0eb-410e-9c65-ec8400469cde/elements[39m
[35m[HTTP][39m [90m{"using":"xpath","value":"//*[@class = 'android.widget.Button' and (@text = 'Close app' or . = 'Close app') and @resource-id = 'android:id/aerr_close']"}[39m
[35m[HTTP][39m [37m<-- POST /wd/hub/session/726ed0cc-a0eb-410e-9c65-ec8400469cde/elements [39m[32m200[39m [90m45 ms - 139[39m
[35m[HTTP][39m [90m[39m
[35m[HTTP][39m [37m-->[39m [37mGET[39m [37m/wd/hub/session/726ed0cc-a0eb-410e-9c65-ec8400469cde/element/00000000-0000-007a-7fff-ffff000000be/location[39m
[35m[HTTP][39m [90m{}[39m
[35m[W3C (726ed0cc)][39m Driver proxy active, passing request on via HTTP proxy
[35m[WD Proxy][39m Replacing sessionId 6004151a-be4e-4ca7-85dc-47a1d9152ba2 with 726ed0cc-a0eb-410e-9c65-ec8400469cde
[35m[HTTP][39m [37m<-- GET /wd/hub/session/726ed0cc-a0eb-410e-9c65-ec8400469cde/element/00000000-0000-007a-7fff-ffff000000be/location [39m[32m200[39m [90m21 ms - 77[39m
[35m[HTTP][39m [90m[39m
[35m[HTTP][39m [37m-->[39m [37mPOST[39m [37m/wd/hub/session/726ed0cc-a0eb-410e-9c65-ec8400469cde/element/00000000-0000-007a-7fff-ffff000000be/click[39m
[35m[HTTP][39m [90m{"id":"00000000-0000-007a-7fff-ffff000000be"}[39m
[35m[HTTP][39m [37m<-- POST /wd/hub/session/726ed0cc-a0eb-410e-9c65-ec8400469cde/element/00000000-0000-007a-7fff-ffff000000be/click [39m[32m200[39m [90m33 ms - 14[39m
[35m[HTTP][39m [90m[39m
[35m[HTTP][39m [37m-->[39m [37mGET[39m [37m/wd/hub/session/726ed0cc-a0eb-410e-9c65-ec8400469cde/source[39m
[35m[HTTP][39m [90m{}[39m
[35m[W3C (726ed0cc)][39m Driver proxy active, passing request on via HTTP proxy
[35m[WD Proxy][39m Replacing sessionId 6004151a-be4e-4ca7-85dc-47a1d9152ba2 with 726ed0cc-a0eb-410e-9c65-ec8400469cde
[35m[HTTP][39m [37m<-- GET /wd/hub/session/726ed0cc-a0eb-410e-9c65-ec8400469cde/source [39m[32m200[39m [90m158 ms - 25979[39m
[35m[HTTP][39m [90m[39m
[35m[HTTP][39m [37m-->[39m [37mGET[39m [37m/wd/hub/session/726ed0cc-a0eb-410e-9c65-ec8400469cde/screenshot[39m
[35m[HTTP][39m [90m{}[39m
[35m[HTTP][39m [37m<-- GET /wd/hub/session/726ed0cc-a0eb-410e-9c65-ec8400469cde/screenshot [39m[32m200[39m [90m560 ms - 153578[39m
[35m[HTTP][39m [90m[39m
[35m[HTTP][39m [37m-->[39m [37mDELETE[39m [37m/wd/hub/session/726ed0cc-a0eb-410e-9c65-ec8400469cde[39m
[35m[HTTP][39m [90m{}[39m
[35m[Appium][39m Removing session 726ed0cc-a0eb-410e-9c65-ec8400469cde from our master session list
[35m[HTTP][39m [37m<-- DELETE /wd/hub/session/726ed0cc-a0eb-410e-9c65-ec8400469cde [39m[32m200[39m [90m868 ms - 14[39m
[35m[HTTP][39m [90m[39m
